E:\GAME Dò MIN (SFML C++)\GAME Dò MIN\SFM\RELEASE\SOURCE.OBJ
E:\GAME Dò MIN (SFML C++)\GAME Dò MIN\SFM\RELEASE\NODE.OBJ
E:\GAME DÒ MIN (SFML C++)\GAME DÒ MIN\SFM\RELEASE\VC110.PDB
E:\GAME Dò MIN (SFML C++)\GAME Dò MIN\RELEASE\SFM.EXE
E:\GAME DÒ MIN (SFML C++)\GAME DÒ MIN\RELEASE\SFM.PDB
E:\Game Dò Min (SFML c++)\Game Dò Min\SFM\Release\NODE.obj
E:\Game Dò Min (SFML c++)\Game Dò Min\SFM\Release\Source.obj
E:\Game Dò Min (SFML c++)\Game Dò Min\SFM\Release\cl.command.1.tlog
E:\Game Dò Min (SFML c++)\Game Dò Min\SFM\Release\CL.read.1.tlog
E:\Game Dò Min (SFML c++)\Game Dò Min\SFM\Release\CL.write.1.tlog
E:\Game Dò Min (SFML c++)\Game Dò Min\SFM\Release\link-cvtres.read.1.tlog
E:\Game Dò Min (SFML c++)\Game Dò Min\SFM\Release\link-cvtres.write.1.tlog
E:\Game Dò Min (SFML c++)\Game Dò Min\SFM\Release\link-rc.read.1.tlog
E:\Game Dò Min (SFML c++)\Game Dò Min\SFM\Release\link-rc.write.1.tlog
E:\Game Dò Min (SFML c++)\Game Dò Min\SFM\Release\link.command.1.tlog
E:\Game Dò Min (SFML c++)\Game Dò Min\SFM\Release\link.read.1.tlog
E:\Game Dò Min (SFML c++)\Game Dò Min\SFM\Release\link.write.1.tlog
E:\Game Dò Min (SFML c++)\Game Dò Min\SFM\Release\vc110.pdb
E:\Game Dò Min (SFML c++)\Game Dò Min\Release\SFM.pdb
E:\Game Dò Min (SFML c++)\Game Dò Min\Release\SFM.exe
